Using pre-set license
Built from '2020.3/staging' branch; Version is '2020.3.0f1 (c7b5465681fb) revision 13088070'; Using compiler version '192528614'; Build Type 'Release'
OS: 'Windows 10 Home; OS build 19042.1110; Version 2009; 64bit' Language: 'en' Physical Memory: 16219 MB
BatchMode: 1, IsHumanControllingUs: 0, StartBugReporterOnCrash: 0, Is64bit: 1, IsPro: 0

 COMMAND LINE ARGUMENTS:
C:\Program Files\Unity\Hub\Editor\2020.3.0f1\Editor\Unity.exe
-adb2
-batchMode
-noUpm
-name
AssetImportWorker1
-projectPath
D:/Repos/Unity 3D/Idle Builders
-logFile
Logs/AssetImportWorker1.log
-srvPort
53133
Successfully changed project path to: D:/Repos/Unity 3D/Idle Builders
D:/Repos/Unity 3D/Idle Builders
Using Asset Import Pipeline V2.
Refreshing native plugins compatible for Editor in 244.38 ms, found 0 plugins.
Preloading 0 native plugins for Editor in 0.00 ms.
Initialize engine version: 2020.3.0f1 (c7b5465681fb)
[Subsystems] Discovering subsystems at path C:/Program Files/Unity/Hub/Editor/2020.3.0f1/Editor/Data/Resources/UnitySubsystems
[Subsystems] Discovering subsystems at path D:/Repos/Unity 3D/Idle Builders/Assets
GfxDevice: creating device client; threaded=0
Direct3D:
    Version:  Direct3D 11.0 [level 11.1]
    Renderer: NVIDIA GeForce RTX 2070 Super with Max-Q Design (ID=0x1ed1)
    Vendor:   
    VRAM:     8011 MB
    Driver:   27.21.14.5720
Shader 'Universal Render Pipeline/Particles/Lit': fallback shader 'Universal Render Pipeline/Particles/SimpleLit' not found
Initialize mono
Mono path[0] = 'C:/Program Files/Unity/Hub/Editor/2020.3.0f1/Editor/Data/Managed'
Mono path[1] = 'C:/Program Files/Unity/Hub/Editor/2020.3.0f1/Editor/Data/MonoBleedingEdge/lib/mono/unityjit'
Mono config path = 'C:/Program Files/Unity/Hub/Editor/2020.3.0f1/Editor/Data/MonoBleedingEdge/etc'
Using monoOptions --debugger-agent=transport=dt_socket,embedding=1,server=y,suspend=n,address=127.0.0.1:56608
Begin MonoManager ReloadAssembly
Registering precompiled unity dll's ...
Register platform support module: C:/Program Files/Unity/Hub/Editor/2020.3.0f1/Editor/Data/PlaybackEngines/WindowsStandaloneSupport/UnityEditor.WindowsStandalone.Extensions.dll
Registered in 0.002938 seconds.
Native extension for WindowsStandalone target not found
Refreshing native plugins compatible for Editor in 96.53 ms, found 0 plugins.
Preloading 0 native plugins for Editor in 0.00 ms.
Invoked RoslynAnalysisRunner static constructor.
RoslynAnalysisRunner will not be running.
RoslynAnalysisRunner has terminated.
Mono: successfully reloaded assembly
- Completed reload, in 12.281 seconds
Platform modules already initialized, skipping
Registering precompiled user dll's ...
Registered in 0.002031 seconds.
Begin MonoManager ReloadAssembly
Native extension for WindowsStandalone target not found
Refreshing native plugins compatible for Editor in 114.13 ms, found 0 plugins.
Preloading 0 native plugins for Editor in 0.00 ms.
Invoked RoslynAnalysisRunner static constructor.
RoslynAnalysisRunner will not be running.
RoslynAnalysisRunner has terminated.
Mono: successfully reloaded assembly
- Completed reload, in  3.567 seconds
Platform modules already initialized, skipping
========================================================================
Worker process is ready to serve import requests
Shader 'Universal Render Pipeline/Particles/Lit': fallback shader 'Universal Render Pipeline/Particles/SimpleLit' not found
Launched and connected shader compiler UnityShaderCompiler.exe after 3.42 seconds
Refreshing native plugins compatible for Editor in 2.72 ms, found 0 plugins.
Preloading 0 native plugins for Editor in 0.00 ms.
Unloading 2744 Unused Serialized files (Serialized files now loaded: 0)
System memory in use before: 127.4 MB.
System memory in use after: 127.3 MB.

Unloading 20 unused Assets to reduce memory usage. Loaded Objects now: 3178.
Total: 3.331800 ms (FindLiveObjects: 0.344800 ms CreateObjectMapping: 0.227500 ms MarkObjects: 2.414000 ms  DeleteObjects: 0.343800 ms)

========================================================================
Received Import Request.
  path: Assets/Asset Packs/PolygonConstruction/Prefabs/Buildings/SM_Bld_Portable_Office_01.prefab
  artifactKey: Guid(e7678ff8216ad9b4299e317bcc4eb772) Importer(815301076,1909f56bfc062723c751e8b465ee728b)
Start importing Assets/Asset Packs/PolygonConstruction/Prefabs/Buildings/SM_Bld_Portable_Office_01.prefab using Guid(e7678ff8216ad9b4299e317bcc4eb772) Importer(815301076,1909f56bfc062723c751e8b465ee728b)  -> (artifact id: '3da10188e99e870efc3768461f1e7684') in 21.683298 seconds
  Import took 21.692191 seconds .

========================================================================
Received Import Request.
  Time since last request: 0.000591 seconds.
  path: Assets/Asset Packs/PolygonConstruction/Prefabs/Buildings/SM_Bld_Retainer_Wall_01_Tall_Angled.prefab
  artifactKey: Guid(eaf1d2dfcc482984986396b15db492c3) Importer(815301076,1909f56bfc062723c751e8b465ee728b)
Start importing Assets/Asset Packs/PolygonConstruction/Prefabs/Buildings/SM_Bld_Retainer_Wall_01_Tall_Angled.prefab using Guid(eaf1d2dfcc482984986396b15db492c3) Importer(815301076,1909f56bfc062723c751e8b465ee728b)  -> (artifact id: 'cc575e99803daa6f8e41552147a1eb96') in 9.366581 seconds
  Import took 9.376633 seconds .

========================================================================
Received Import Request.
  Time since last request: 0.000218 seconds.
  path: Assets/Asset Packs/PolygonConstruction/Prefabs/Buildings/SM_Bld_Retainer_Wall_02_Short.prefab
  artifactKey: Guid(a8f712c1d4e50d2419c9be8b21dbc0df) Importer(815301076,1909f56bfc062723c751e8b465ee728b)
Start importing Assets/Asset Packs/PolygonConstruction/Prefabs/Buildings/SM_Bld_Retainer_Wall_02_Short.prefab using Guid(a8f712c1d4e50d2419c9be8b21dbc0df) Importer(815301076,1909f56bfc062723c751e8b465ee728b)  -> (artifact id: '2707e1ca184e7a593fea06bbf9184b67') in 0.285899 seconds
  Import took 0.291897 seconds .

========================================================================
Received Import Request.
  Time since last request: 0.000233 seconds.
  path: Assets/Asset Packs/PolygonConstruction/Prefabs/Buildings/SM_Bld_Retainer_Wall_02_Tall_Angled.prefab
  artifactKey: Guid(88dfa1add7f747747bf9d9db4d099d5d) Importer(815301076,1909f56bfc062723c751e8b465ee728b)
Start importing Assets/Asset Packs/PolygonConstruction/Prefabs/Buildings/SM_Bld_Retainer_Wall_02_Tall_Angled.prefab using Guid(88dfa1add7f747747bf9d9db4d099d5d) Importer(815301076,1909f56bfc062723c751e8b465ee728b)  -> (artifact id: '863171fc016158b14088d99c3f73d18f') in 0.263644 seconds
  Import took 0.273202 seconds .

========================================================================
Received Import Request.
  Time since last request: 0.000258 seconds.
  path: Assets/Asset Packs/PolygonConstruction/Prefabs/Buildings/SM_Bld_WaterTank_01.prefab
  artifactKey: Guid(0f001804c4317a944a37e91cfb970da6) Importer(815301076,1909f56bfc062723c751e8b465ee728b)
Start importing Assets/Asset Packs/PolygonConstruction/Prefabs/Buildings/SM_Bld_WaterTank_01.prefab using Guid(0f001804c4317a944a37e91cfb970da6) Importer(815301076,1909f56bfc062723c751e8b465ee728b)  -> (artifact id: '1505cc9a8a7513f8f664a564aec13d84') in 0.260066 seconds
  Import took 0.271173 seconds .

========================================================================
Received Import Request.
  Time since last request: 0.000372 seconds.
  path: Assets/Asset Packs/PolygonConstruction/Prefabs/Buildings/SM_Bld_House_Wall_Window_02.prefab
  artifactKey: Guid(f830acbbdfa5932439d0d45d594cc1c4) Importer(815301076,1909f56bfc062723c751e8b465ee728b)
Start importing Assets/Asset Packs/PolygonConstruction/Prefabs/Buildings/SM_Bld_House_Wall_Window_02.prefab using Guid(f830acbbdfa5932439d0d45d594cc1c4) Importer(815301076,1909f56bfc062723c751e8b465ee728b)  -> (artifact id: '534695f809ff32cb58e9cfe35d1f7e59') in 0.393729 seconds
  Import took 3.630216 seconds .

========================================================================
Received Import Request.
  Time since last request: 0.007115 seconds.
  path: Assets/Asset Packs/PolygonConstruction/Prefabs/Buildings/SM_Bld_WaterTower_01.prefab
  artifactKey: Guid(7a9fc77bf4001684a9adb899ce28fa95) Importer(815301076,1909f56bfc062723c751e8b465ee728b)
Start importing Assets/Asset Packs/PolygonConstruction/Prefabs/Buildings/SM_Bld_WaterTower_01.prefab using Guid(7a9fc77bf4001684a9adb899ce28fa95) Importer(815301076,1909f56bfc062723c751e8b465ee728b)  -> (artifact id: '02a2508c883e0b0318c52acaa51deb14') in 0.258431 seconds
  Import took 0.283904 seconds .

========================================================================
Received Import Request.
  Time since last request: 0.000274 seconds.
  path: Assets/Asset Packs/PolygonConstruction/Prefabs/Buildings/SM_Bld_House_Wall_Window_04.prefab
  artifactKey: Guid(6a7b883e89c23cd4d948c666507b1a45) Importer(815301076,1909f56bfc062723c751e8b465ee728b)
Start importing Assets/Asset Packs/PolygonConstruction/Prefabs/Buildings/SM_Bld_House_Wall_Window_04.prefab using Guid(6a7b883e89c23cd4d948c666507b1a45) Importer(815301076,1909f56bfc062723c751e8b465ee728b)  -> (artifact id: '64ec29bef5dfbc6a6808a45190dc0c5e') in 0.231833 seconds
  Import took 0.242525 seconds .

========================================================================
Received Import Request.
  Time since last request: 0.000233 seconds.
  path: Assets/Asset Packs/PolygonConstruction/Prefabs/Buildings/SM_Bld_Retainer_Wall_02_Short_Angled.prefab
  artifactKey: Guid(3b3868706fbb8a54580ce6ba020fface) Importer(815301076,1909f56bfc062723c751e8b465ee728b)
Start importing Assets/Asset Packs/PolygonConstruction/Prefabs/Buildings/SM_Bld_Retainer_Wall_02_Short_Angled.prefab using Guid(3b3868706fbb8a54580ce6ba020fface) Importer(815301076,1909f56bfc062723c751e8b465ee728b)  -> (artifact id: '500340443ff032f26544fe02ea064727') in 0.379233 seconds
  Import took 0.386908 seconds .

========================================================================
Received Import Request.
  Time since last request: 0.000218 seconds.
  path: Assets/Asset Packs/PolygonConstruction/Prefabs/Buildings/SM_Bld_Retainer_Wall_02_Tall.prefab
  artifactKey: Guid(1aa9d62e8e2da3240a1b02b7718e36f1) Importer(815301076,1909f56bfc062723c751e8b465ee728b)
Start importing Assets/Asset Packs/PolygonConstruction/Prefabs/Buildings/SM_Bld_Retainer_Wall_02_Tall.prefab using Guid(1aa9d62e8e2da3240a1b02b7718e36f1) Importer(815301076,1909f56bfc062723c751e8b465ee728b)  -> (artifact id: '30af2535417a46141f77b12ee5795b9f') in 0.261531 seconds
  Import took 0.277728 seconds .

========================================================================
Received Import Request.
  Time since last request: 0.000573 seconds.
  path: Assets/Asset Packs/PolygonConstruction/Prefabs/Buildings/SM_Bld_Retainer_Wall_01_Tall_Corner.prefab
  artifactKey: Guid(d4f7dc616c519da4d8c0519c0758154c) Importer(815301076,1909f56bfc062723c751e8b465ee728b)
Start importing Assets/Asset Packs/PolygonConstruction/Prefabs/Buildings/SM_Bld_Retainer_Wall_01_Tall_Corner.prefab using Guid(d4f7dc616c519da4d8c0519c0758154c) Importer(815301076,1909f56bfc062723c751e8b465ee728b)  -> (artifact id: 'ff9f79997995303e7c169a51ad6261c3') in 0.293888 seconds
  Import took 0.304050 seconds .

========================================================================
Received Import Request.
  Time since last request: 0.000309 seconds.
  path: Assets/Asset Packs/PolygonConstruction/Prefabs/Buildings/SM_Bld_Retainer_Wall_01_Short_Corner.prefab
  artifactKey: Guid(c68938ceb3c10164a8051511ab6d8dd6) Importer(815301076,1909f56bfc062723c751e8b465ee728b)
Start importing Assets/Asset Packs/PolygonConstruction/Prefabs/Buildings/SM_Bld_Retainer_Wall_01_Short_Corner.prefab using Guid(c68938ceb3c10164a8051511ab6d8dd6) Importer(815301076,1909f56bfc062723c751e8b465ee728b)  -> (artifact id: '8e66c82a554b925ee630f53b0fc47620') in 0.323231 seconds
  Import took 0.332811 seconds .

========================================================================
Received Import Request.
  Time since last request: 0.000313 seconds.
  path: Assets/Asset Packs/PolygonConstruction/Prefabs/Buildings/SM_Bld_Retainer_Wall_02_Short_Corner.prefab
  artifactKey: Guid(2278f98a7e56b774a9ec33fe099d0f2a) Importer(815301076,1909f56bfc062723c751e8b465ee728b)
Start importing Assets/Asset Packs/PolygonConstruction/Prefabs/Buildings/SM_Bld_Retainer_Wall_02_Short_Corner.prefab using Guid(2278f98a7e56b774a9ec33fe099d0f2a) Importer(815301076,1909f56bfc062723c751e8b465ee728b)  -> (artifact id: '6065ccd54c67051e16f0ec8a6a35532f') in 0.371513 seconds
  Import took 0.391435 seconds .

========================================================================
Received Import Request.
  Time since last request: 0.000214 seconds.
  path: Assets/Asset Packs/PolygonConstruction/Prefabs/Buildings/SM_Bld_Retainer_Wall_01_Short_Angled.prefab
  artifactKey: Guid(586cf6476a94bc84286a92ec1e2a75e2) Importer(815301076,1909f56bfc062723c751e8b465ee728b)
Start importing Assets/Asset Packs/PolygonConstruction/Prefabs/Buildings/SM_Bld_Retainer_Wall_01_Short_Angled.prefab using Guid(586cf6476a94bc84286a92ec1e2a75e2) Importer(815301076,1909f56bfc062723c751e8b465ee728b)  -> (artifact id: 'f406ae0700be58adfd9cf9c69cae34b5') in 0.373630 seconds
  Import took 0.382927 seconds .

========================================================================
Received Import Request.
  Time since last request: 0.000314 seconds.
  path: Assets/Asset Packs/PolygonConstruction/Prefabs/Buildings/SM_Bld_Retainer_Wall_Stone_01.prefab
  artifactKey: Guid(fb6896535c2e6b946b6c8686ceaba41d) Importer(815301076,1909f56bfc062723c751e8b465ee728b)
Start importing Assets/Asset Packs/PolygonConstruction/Prefabs/Buildings/SM_Bld_Retainer_Wall_Stone_01.prefab using Guid(fb6896535c2e6b946b6c8686ceaba41d) Importer(815301076,1909f56bfc062723c751e8b465ee728b)  -> (artifact id: '875d5ef5a399fd5e274c33ff74c50939') in 0.328437 seconds
  Import took 0.336058 seconds .

========================================================================
Received Import Request.
  Time since last request: 0.000197 seconds.
  path: Assets/Asset Packs/PolygonConstruction/Prefabs/Buildings/SM_Bld_House_Wall_Window_03.prefab
  artifactKey: Guid(7aa9601e104200848b763a5185df0e05) Importer(815301076,1909f56bfc062723c751e8b465ee728b)
Start importing Assets/Asset Packs/PolygonConstruction/Prefabs/Buildings/SM_Bld_House_Wall_Window_03.prefab using Guid(7aa9601e104200848b763a5185df0e05) Importer(815301076,1909f56bfc062723c751e8b465ee728b)  -> (artifact id: 'e2e139a60c67b6db680273e86b5be48a') in 0.453512 seconds
  Import took 0.465392 seconds .

========================================================================
Received Import Request.
  Time since last request: 0.000245 seconds.
  path: Assets/Asset Packs/PolygonConstruction/Prefabs/Buildings/SM_Bld_Retainer_Wall_01_Short.prefab
  artifactKey: Guid(2b5ce5529b7f34348b909a8df86e3278) Importer(815301076,1909f56bfc062723c751e8b465ee728b)
Start importing Assets/Asset Packs/PolygonConstruction/Prefabs/Buildings/SM_Bld_Retainer_Wall_01_Short.prefab using Guid(2b5ce5529b7f34348b909a8df86e3278) Importer(815301076,1909f56bfc062723c751e8b465ee728b)  -> (artifact id: 'c56a48d2848f2aa3d1b822c0e3547fd5') in 11.860198 seconds
  Import took 11.903954 seconds .

========================================================================
Received Import Request.
  Time since last request: 0.000371 seconds.
  path: Assets/Asset Packs/PolygonConstruction/Prefabs/Buildings/SM_Bld_Retainer_Wall_Stone_01_End_01.prefab
  artifactKey: Guid(385513910619c124f99edaeb65c6caad) Importer(815301076,1909f56bfc062723c751e8b465ee728b)
Start importing Assets/Asset Packs/PolygonConstruction/Prefabs/Buildings/SM_Bld_Retainer_Wall_Stone_01_End_01.prefab using Guid(385513910619c124f99edaeb65c6caad) Importer(815301076,1909f56bfc062723c751e8b465ee728b)  -> (artifact id: '131ba6f046e2d38b5ab427b866282bdc') in 0.853328 seconds
  Import took 0.904395 seconds .

========================================================================
Received Import Request.
  Time since last request: 0.000332 seconds.
  path: Assets/Asset Packs/PolygonConstruction/Prefabs/Buildings/SM_Bld_Retainer_Wall_01_Tall.prefab
  artifactKey: Guid(4c8baf968ec56f9439de0ca0f92606d5) Importer(815301076,1909f56bfc062723c751e8b465ee728b)
Start importing Assets/Asset Packs/PolygonConstruction/Prefabs/Buildings/SM_Bld_Retainer_Wall_01_Tall.prefab using Guid(4c8baf968ec56f9439de0ca0f92606d5) Importer(815301076,1909f56bfc062723c751e8b465ee728b)  -> (artifact id: '45fe039910af359029f70764afe45b28') in 1.394290 seconds
  Import took 1.425382 seconds .

========================================================================
Received Import Request.
  Time since last request: 0.043797 seconds.
  path: Assets/Asset Packs/PolygonConstruction/Prefabs/Buildings/SM_Bld_Retainer_Wall_Stone_01_End_02.prefab
  artifactKey: Guid(46cafd5b78562fa4b9b3e21f1919f45f) Importer(815301076,1909f56bfc062723c751e8b465ee728b)
Start importing Assets/Asset Packs/PolygonConstruction/Prefabs/Buildings/SM_Bld_Retainer_Wall_Stone_01_End_02.prefab using Guid(46cafd5b78562fa4b9b3e21f1919f45f) Importer(815301076,1909f56bfc062723c751e8b465ee728b)  -> (artifact id: '997eb4cd47fb05689931e0cf7a7995ff') in 1.455766 seconds
  Import took 1.525885 seconds .

========================================================================
Received Import Request.
  Time since last request: 0.000219 seconds.
  path: Assets/Asset Packs/PolygonConstruction/Prefabs/Buildings/SM_Bld_Retainer_Wall_02_Tall_Corner.prefab
  artifactKey: Guid(a1ff0285467829244964024faaf17021) Importer(815301076,1909f56bfc062723c751e8b465ee728b)
Start importing Assets/Asset Packs/PolygonConstruction/Prefabs/Buildings/SM_Bld_Retainer_Wall_02_Tall_Corner.prefab using Guid(a1ff0285467829244964024faaf17021) Importer(815301076,1909f56bfc062723c751e8b465ee728b)  -> (artifact id: 'c22978368904860ee2087680a8291c8c') in 5.003320 seconds
  Import took 5.516576 seconds .

========================================================================
Received Import Request.
  Time since last request: 0.000396 seconds.
  path: Assets/Asset Packs/PolygonConstruction/Prefabs/Buildings/SM_Bld_SmokeStack_01.prefab
  artifactKey: Guid(2827cacc3be77004d8f33b8663c08a13) Importer(815301076,1909f56bfc062723c751e8b465ee728b)
Start importing Assets/Asset Packs/PolygonConstruction/Prefabs/Buildings/SM_Bld_SmokeStack_01.prefab using Guid(2827cacc3be77004d8f33b8663c08a13) Importer(815301076,1909f56bfc062723c751e8b465ee728b)  -> (artifact id: 'f4b30d09655ce9d656c8d14c66dc825f') in 0.443485 seconds
  Import took 0.455040 seconds .

========================================================================
Received Import Request.
  Time since last request: 0.000260 seconds.
  path: Assets/Asset Packs/PolygonConstruction/Prefabs/Buildings/SM_Bld_WaterTank_03.prefab
  artifactKey: Guid(f60d00d817b98db419e1b09cd3f5a823) Importer(815301076,1909f56bfc062723c751e8b465ee728b)
Start importing Assets/Asset Packs/PolygonConstruction/Prefabs/Buildings/SM_Bld_WaterTank_03.prefab using Guid(f60d00d817b98db419e1b09cd3f5a823) Importer(815301076,1909f56bfc062723c751e8b465ee728b)  -> (artifact id: '5786c55ca7c66a37930511b053238b97') in 0.191666 seconds
  Import took 0.199817 seconds .

========================================================================
Received Import Request.
  Time since last request: 0.000241 seconds.
  path: Assets/Asset Packs/PolygonConstruction/Prefabs/Buildings/SM_Bld_Portable_Office_02.prefab
  artifactKey: Guid(f43bf5bcfd6506946922425807341b26) Importer(815301076,1909f56bfc062723c751e8b465ee728b)
Start importing Assets/Asset Packs/PolygonConstruction/Prefabs/Buildings/SM_Bld_Portable_Office_02.prefab using Guid(f43bf5bcfd6506946922425807341b26) Importer(815301076,1909f56bfc062723c751e8b465ee728b)  -> (artifact id: 'b32f4eb51abe4dd2415fc1e9261b8c7c') in 21.253868 seconds
  Import took 23.494544 seconds .

========================================================================
Received Import Request.
  Time since last request: 0.001249 seconds.
  path: Assets/Asset Packs/PolygonConstruction/Prefabs/Buildings/SM_Bld_WaterTank_02.prefab
  artifactKey: Guid(8b08441c01a65c14ea47526d67df7cc5) Importer(815301076,1909f56bfc062723c751e8b465ee728b)
Start importing Assets/Asset Packs/PolygonConstruction/Prefabs/Buildings/SM_Bld_WaterTank_02.prefab using Guid(8b08441c01a65c14ea47526d67df7cc5) Importer(815301076,1909f56bfc062723c751e8b465ee728b)  -> (artifact id: 'cddedff0251075b2bf56a62c06d723a8') in 24.232092 seconds
  Import took 24.249292 seconds .

========================================================================
Received Import Request.
  Time since last request: 1556.046587 seconds.
  path: Assets/Scripts/GameManager.cs
  artifactKey: Guid(880df13baf3a9a14e8a44abe97d6ebf6) Importer(815301076,1909f56bfc062723c751e8b465ee728b)
Start importing Assets/Scripts/GameManager.cs using Guid(880df13baf3a9a14e8a44abe97d6ebf6) Importer(815301076,1909f56bfc062723c751e8b465ee728b)  -> (artifact id: '99f5911d8069ff484ebae96df1783e1b') in 0.008906 seconds
  Import took 0.015968 seconds .

========================================================================
Received Prepare
Registering precompiled user dll's ...
Registered in 0.001806 seconds.
Begin MonoManager ReloadAssembly
Native extension for WindowsStandalone target not found
Refreshing native plugins compatible for Editor in 0.75 ms, found 0 plugins.
Preloading 0 native plugins for Editor in 0.00 ms.
Invoked RoslynAnalysisRunner static constructor.
RoslynAnalysisRunner will not be running.
RoslynAnalysisRunner has terminated.
Mono: successfully reloaded assembly
- Completed reload, in  0.949 seconds
Platform modules already initialized, skipping
Switching build target platform(5) subTarget(0) extendedPlatform(0) -> platform(13) subTarget(537395200) extendedPlatform(0)
Shader 'Universal Render Pipeline/Particles/Lit': fallback shader 'Universal Render Pipeline/Particles/SimpleLit' not found
Refreshing native plugins compatible for Editor in 0.58 ms, found 0 plugins.
Preloading 0 native plugins for Editor in 0.00 ms.
Unloading 2631 Unused Serialized files (Serialized files now loaded: 0)
System memory in use before: 125.6 MB.
System memory in use after: 125.5 MB.

Unloading 15 unused Assets to reduce memory usage. Loaded Objects now: 3226.
Total: 2.747100 ms (FindLiveObjects: 0.332700 ms CreateObjectMapping: 0.123100 ms MarkObjects: 2.117700 ms  DeleteObjects: 0.172700 ms)

AssetImportParameters requested are different than current active one (requested -> active):
  custom:graphics/normal-map-encoding: 01000000000000000000000000000000 -> 02000000000000000000000000000000
========================================================================
Received Import Request.
  Time since last request: 36.374506 seconds.
  path: Assets/Scripts/GameManager.cs
  artifactKey: Guid(880df13baf3a9a14e8a44abe97d6ebf6) Importer(815301076,1909f56bfc062723c751e8b465ee728b)
Start importing Assets/Scripts/GameManager.cs using Guid(880df13baf3a9a14e8a44abe97d6ebf6) Importer(815301076,1909f56bfc062723c751e8b465ee728b)  -> (artifact id: '680f0dcf9e0c22356c70b97e05cd19d1') in 0.003654 seconds
  Import took 0.011042 seconds .

========================================================================
Received Prepare
Registering precompiled user dll's ...
Registered in 0.001532 seconds.
Begin MonoManager ReloadAssembly
Native extension for WindowsStandalone target not found
Refreshing native plugins compatible for Editor in 0.65 ms, found 0 plugins.
Preloading 0 native plugins for Editor in 0.00 ms.
Invoked RoslynAnalysisRunner static constructor.
RoslynAnalysisRunner will not be running.
RoslynAnalysisRunner has terminated.
Mono: successfully reloaded assembly
- Completed reload, in  1.038 seconds
Platform modules already initialized, skipping
Switching build target platform(5) subTarget(0) extendedPlatform(0) -> platform(13) subTarget(537395200) extendedPlatform(0)
Shader 'Universal Render Pipeline/Particles/Lit': fallback shader 'Universal Render Pipeline/Particles/SimpleLit' not found
Refreshing native plugins compatible for Editor in 0.58 ms, found 0 plugins.
Preloading 0 native plugins for Editor in 0.00 ms.
Unloading 2631 Unused Serialized files (Serialized files now loaded: 0)
System memory in use before: 125.6 MB.
System memory in use after: 125.5 MB.

Unloading 15 unused Assets to reduce memory usage. Loaded Objects now: 3229.
Total: 3.706500 ms (FindLiveObjects: 0.393900 ms CreateObjectMapping: 0.168700 ms MarkObjects: 2.944200 ms  DeleteObjects: 0.198600 ms)

AssetImportParameters requested are different than current active one (requested -> active):
  custom:graphics/normal-map-encoding: 01000000000000000000000000000000 -> 02000000000000000000000000000000
========================================================================
Received Prepare
Registering precompiled user dll's ...
Registered in 0.002567 seconds.
Begin MonoManager ReloadAssembly
Native extension for WindowsStandalone target not found
Refreshing native plugins compatible for Editor in 0.57 ms, found 0 plugins.
Preloading 0 native plugins for Editor in 0.00 ms.
Invoked RoslynAnalysisRunner static constructor.
RoslynAnalysisRunner will not be running.
RoslynAnalysisRunner has terminated.
Mono: successfully reloaded assembly
- Completed reload, in  0.957 seconds
Platform modules already initialized, skipping
Switching build target platform(5) subTarget(0) extendedPlatform(0) -> platform(13) subTarget(537395200) extendedPlatform(0)
Shader 'Universal Render Pipeline/Particles/Lit': fallback shader 'Universal Render Pipeline/Particles/SimpleLit' not found
Refreshing native plugins compatible for Editor in 0.58 ms, found 0 plugins.
Preloading 0 native plugins for Editor in 0.00 ms.
Unloading 2631 Unused Serialized files (Serialized files now loaded: 0)
System memory in use before: 125.6 MB.
System memory in use after: 125.5 MB.

Unloading 15 unused Assets to reduce memory usage. Loaded Objects now: 3232.
Total: 3.225300 ms (FindLiveObjects: 0.269600 ms CreateObjectMapping: 0.133200 ms MarkObjects: 2.654800 ms  DeleteObjects: 0.165800 ms)

AssetImportParameters requested are different than current active one (requested -> active):
  custom:graphics/normal-map-encoding: 01000000000000000000000000000000 -> 02000000000000000000000000000000
========================================================================
Received Prepare
Registering precompiled user dll's ...
Registered in 0.001187 seconds.
Begin MonoManager ReloadAssembly
Native extension for WindowsStandalone target not found
Refreshing native plugins compatible for Editor in 0.59 ms, found 0 plugins.
Preloading 0 native plugins for Editor in 0.00 ms.
Invoked RoslynAnalysisRunner static constructor.
RoslynAnalysisRunner will not be running.
RoslynAnalysisRunner has terminated.
Mono: successfully reloaded assembly
- Completed reload, in  0.964 seconds
Platform modules already initialized, skipping
Switching build target platform(5) subTarget(0) extendedPlatform(0) -> platform(13) subTarget(537395200) extendedPlatform(0)
Shader 'Universal Render Pipeline/Particles/Lit': fallback shader 'Universal Render Pipeline/Particles/SimpleLit' not found
Refreshing native plugins compatible for Editor in 0.87 ms, found 0 plugins.
Preloading 0 native plugins for Editor in 0.00 ms.
Unloading 2631 Unused Serialized files (Serialized files now loaded: 0)
System memory in use before: 125.7 MB.
System memory in use after: 125.6 MB.

Unloading 15 unused Assets to reduce memory usage. Loaded Objects now: 3235.
Total: 3.199200 ms (FindLiveObjects: 0.444900 ms CreateObjectMapping: 0.229600 ms MarkObjects: 2.377400 ms  DeleteObjects: 0.146400 ms)

AssetImportParameters requested are different than current active one (requested -> active):
  custom:graphics/normal-map-encoding: 01000000000000000000000000000000 -> 02000000000000000000000000000000
========================================================================
Received Prepare
Registering precompiled user dll's ...
Registered in 0.002363 seconds.
Begin MonoManager ReloadAssembly
Native extension for WindowsStandalone target not found
Refreshing native plugins compatible for Editor in 0.57 ms, found 0 plugins.
Preloading 0 native plugins for Editor in 0.00 ms.
Invoked RoslynAnalysisRunner static constructor.
RoslynAnalysisRunner will not be running.
RoslynAnalysisRunner has terminated.
Mono: successfully reloaded assembly
- Completed reload, in  1.006 seconds
Platform modules already initialized, skipping
Switching build target platform(5) subTarget(0) extendedPlatform(0) -> platform(13) subTarget(537395200) extendedPlatform(0)
Shader 'Universal Render Pipeline/Particles/Lit': fallback shader 'Universal Render Pipeline/Particles/SimpleLit' not found
Refreshing native plugins compatible for Editor in 0.62 ms, found 0 plugins.
Preloading 0 native plugins for Editor in 0.00 ms.
Unloading 2631 Unused Serialized files (Serialized files now loaded: 0)
System memory in use before: 125.6 MB.
System memory in use after: 125.5 MB.

Unloading 15 unused Assets to reduce memory usage. Loaded Objects now: 3238.
Total: 3.085800 ms (FindLiveObjects: 0.366500 ms CreateObjectMapping: 0.201100 ms MarkObjects: 2.326800 ms  DeleteObjects: 0.190500 ms)

AssetImportParameters requested are different than current active one (requested -> active):
  custom:graphics/normal-map-encoding: 01000000000000000000000000000000 -> 02000000000000000000000000000000
========================================================================
Received Prepare
Registering precompiled user dll's ...
Registered in 0.001362 seconds.
Begin MonoManager ReloadAssembly
Native extension for WindowsStandalone target not found
Refreshing native plugins compatible for Editor in 0.55 ms, found 0 plugins.
Preloading 0 native plugins for Editor in 0.00 ms.
Invoked RoslynAnalysisRunner static constructor.
RoslynAnalysisRunner will not be running.
RoslynAnalysisRunner has terminated.
Mono: successfully reloaded assembly
- Completed reload, in  1.051 seconds
Platform modules already initialized, skipping
Switching build target platform(5) subTarget(0) extendedPlatform(0) -> platform(13) subTarget(537395200) extendedPlatform(0)
Shader 'Universal Render Pipeline/Particles/Lit': fallback shader 'Universal Render Pipeline/Particles/SimpleLit' not found
Refreshing native plugins compatible for Editor in 0.84 ms, found 0 plugins.
Preloading 0 native plugins for Editor in 0.00 ms.
Unloading 2631 Unused Serialized files (Serialized files now loaded: 0)
System memory in use before: 125.7 MB.
System memory in use after: 125.6 MB.

Unloading 15 unused Assets to reduce memory usage. Loaded Objects now: 3241.
Total: 3.297400 ms (FindLiveObjects: 0.296200 ms CreateObjectMapping: 0.127300 ms MarkObjects: 2.660200 ms  DeleteObjects: 0.212000 ms)

AssetImportParameters requested are different than current active one (requested -> active):
  custom:graphics/normal-map-encoding: 01000000000000000000000000000000 -> 02000000000000000000000000000000
========================================================================
Received Prepare
Registering precompiled user dll's ...
Registered in 0.002501 seconds.
Begin MonoManager ReloadAssembly
Native extension for WindowsStandalone target not found
Refreshing native plugins compatible for Editor in 0.63 ms, found 0 plugins.
Preloading 0 native plugins for Editor in 0.00 ms.
Invoked RoslynAnalysisRunner static constructor.
RoslynAnalysisRunner will not be running.
RoslynAnalysisRunner has terminated.
Mono: successfully reloaded assembly
- Completed reload, in  1.043 seconds
Platform modules already initialized, skipping
Switching build target platform(5) subTarget(0) extendedPlatform(0) -> platform(13) subTarget(537395200) extendedPlatform(0)
Shader 'Universal Render Pipeline/Particles/Lit': fallback shader 'Universal Render Pipeline/Particles/SimpleLit' not found
Refreshing native plugins compatible for Editor in 0.63 ms, found 0 plugins.
Preloading 0 native plugins for Editor in 0.00 ms.
Unloading 2631 Unused Serialized files (Serialized files now loaded: 0)
System memory in use before: 125.7 MB.
System memory in use after: 125.6 MB.

Unloading 15 unused Assets to reduce memory usage. Loaded Objects now: 3244.
Total: 3.277800 ms (FindLiveObjects: 0.388800 ms CreateObjectMapping: 0.292000 ms MarkObjects: 2.430400 ms  DeleteObjects: 0.164900 ms)

AssetImportParameters requested are different than current active one (requested -> active):
  custom:graphics/normal-map-encoding: 01000000000000000000000000000000 -> 02000000000000000000000000000000
AssetImportWorkerClient::OnTransportError - code=2 error=End of file
