Using pre-set license
Built from '2020.3/staging' branch; Version is '2020.3.0f1 (c7b5465681fb) revision 13088070'; Using compiler version '192528614'; Build Type 'Release'
OS: 'Windows 10 Home; OS build 19042.1110; Version 2009; 64bit' Language: 'en' Physical Memory: 16219 MB
BatchMode: 1, IsHumanControllingUs: 0, StartBugReporterOnCrash: 0, Is64bit: 1, IsPro: 0

 COMMAND LINE ARGUMENTS:
C:\Program Files\Unity\Hub\Editor\2020.3.0f1\Editor\Unity.exe
-adb2
-batchMode
-noUpm
-name
AssetImportWorker0
-projectPath
D:/Repos/Unity 3D/Idle Builders
-logFile
Logs/AssetImportWorker0.log
-srvPort
56882
Successfully changed project path to: D:/Repos/Unity 3D/Idle Builders
D:/Repos/Unity 3D/Idle Builders
Using Asset Import Pipeline V2.
Refreshing native plugins compatible for Editor in 52.71 ms, found 0 plugins.
Preloading 0 native plugins for Editor in 0.00 ms.
Initialize engine version: 2020.3.0f1 (c7b5465681fb)
[Subsystems] Discovering subsystems at path C:/Program Files/Unity/Hub/Editor/2020.3.0f1/Editor/Data/Resources/UnitySubsystems
[Subsystems] Discovering subsystems at path D:/Repos/Unity 3D/Idle Builders/Assets
GfxDevice: creating device client; threaded=0
Direct3D:
    Version:  Direct3D 11.0 [level 11.1]
    Renderer: NVIDIA GeForce RTX 2070 Super with Max-Q Design (ID=0x1ed1)
    Vendor:   
    VRAM:     8011 MB
    Driver:   27.21.14.5720
Shader 'Universal Render Pipeline/Particles/Lit': fallback shader 'Universal Render Pipeline/Particles/SimpleLit' not found
Initialize mono
Mono path[0] = 'C:/Program Files/Unity/Hub/Editor/2020.3.0f1/Editor/Data/Managed'
Mono path[1] = 'C:/Program Files/Unity/Hub/Editor/2020.3.0f1/Editor/Data/MonoBleedingEdge/lib/mono/unityjit'
Mono config path = 'C:/Program Files/Unity/Hub/Editor/2020.3.0f1/Editor/Data/MonoBleedingEdge/etc'
Using monoOptions --debugger-agent=transport=dt_socket,embedding=1,server=y,suspend=n,address=127.0.0.1:56496
Begin MonoManager ReloadAssembly
Registering precompiled unity dll's ...
Register platform support module: C:/Program Files/Unity/Hub/Editor/2020.3.0f1/Editor/Data/PlaybackEngines/WindowsStandaloneSupport/UnityEditor.WindowsStandalone.Extensions.dll
Registered in 0.001579 seconds.
Native extension for WindowsStandalone target not found
Refreshing native plugins compatible for Editor in 59.11 ms, found 0 plugins.
Preloading 0 native plugins for Editor in 0.00 ms.
Invoked RoslynAnalysisRunner static constructor.
RoslynAnalysisRunner will not be running.
RoslynAnalysisRunner has terminated.
Mono: successfully reloaded assembly
- Completed reload, in  1.726 seconds
Platform modules already initialized, skipping
Registering precompiled user dll's ...
Registered in 0.001265 seconds.
Begin MonoManager ReloadAssembly
Native extension for WindowsStandalone target not found
Refreshing native plugins compatible for Editor in 62.50 ms, found 0 plugins.
Preloading 0 native plugins for Editor in 0.00 ms.
Invoked RoslynAnalysisRunner static constructor.
RoslynAnalysisRunner will not be running.
RoslynAnalysisRunner has terminated.
Mono: successfully reloaded assembly
- Completed reload, in  1.338 seconds
Platform modules already initialized, skipping
========================================================================
Worker process is ready to serve import requests
Shader 'Universal Render Pipeline/Particles/Lit': fallback shader 'Universal Render Pipeline/Particles/SimpleLit' not found
Launched and connected shader compiler UnityShaderCompiler.exe after 0.05 seconds
Refreshing native plugins compatible for Editor in 0.56 ms, found 0 plugins.
Preloading 0 native plugins for Editor in 0.00 ms.
Unloading 2744 Unused Serialized files (Serialized files now loaded: 0)
System memory in use before: 127.5 MB.
System memory in use after: 127.3 MB.

Unloading 20 unused Assets to reduce memory usage. Loaded Objects now: 3178.
Total: 2.864700 ms (FindLiveObjects: 0.270500 ms CreateObjectMapping: 0.151300 ms MarkObjects: 2.241200 ms  DeleteObjects: 0.200400 ms)

========================================================================
Received Import Request.
  path: Assets/Animations/Stone
  artifactKey: Guid(e37fded48ad763d44b5825827aab727c) Importer(815301076,1909f56bfc062723c751e8b465ee728b)
Start importing Assets/Animations/Stone using Guid(e37fded48ad763d44b5825827aab727c) Importer(815301076,1909f56bfc062723c751e8b465ee728b)  -> (artifact id: '3e919b4c2d513ede895b251943e01d5e') in 0.007318 seconds
  Import took 0.012460 seconds .

========================================================================
Received Import Request.
  Time since last request: 6.271096 seconds.
  path: Assets/Animations/Money
  artifactKey: Guid(ae9628df84dfb2a4fa08d65f5a0c0e22) Importer(815301076,1909f56bfc062723c751e8b465ee728b)
Start importing Assets/Animations/Money using Guid(ae9628df84dfb2a4fa08d65f5a0c0e22) Importer(815301076,1909f56bfc062723c751e8b465ee728b)  -> (artifact id: '4ec3ec3f908985dc3be438472f8f9296') in 0.001382 seconds
  Import took 0.008381 seconds .

========================================================================
Received Import Request.
  Time since last request: 1.738605 seconds.
  path: Assets/Animations/Money.anim
  artifactKey: Guid(146978a4ce0275949863450b494de2ea) Importer(815301076,1909f56bfc062723c751e8b465ee728b)
Start importing Assets/Animations/Money.anim using Guid(146978a4ce0275949863450b494de2ea) Importer(815301076,1909f56bfc062723c751e8b465ee728b)  -> (artifact id: '34f24dfd091ad1d86f412a498d593f02') in 0.028244 seconds
  Import took 0.035126 seconds .

========================================================================
Received Import Request.
  Time since last request: 0.000445 seconds.
  path: Assets/Animations/Money.anim
  artifactKey: Guid(146978a4ce0275949863450b494de2ea) Importer(815301076,1909f56bfc062723c751e8b465ee728b)
Start importing Assets/Animations/Money.anim using Guid(146978a4ce0275949863450b494de2ea) Importer(815301076,1909f56bfc062723c751e8b465ee728b)  -> (artifact id: '34f24dfd091ad1d86f412a498d593f02') in 0.001765 seconds
  Import took 0.005580 seconds .

========================================================================
Received Import Request.
  Time since last request: 71.207618 seconds.
  path: Assets/Animations/Cube.controller
  artifactKey: Guid(7688a6868ca66c841a52aa088d9d0d0d) Importer(815301076,1909f56bfc062723c751e8b465ee728b)
Start importing Assets/Animations/Cube.controller using Guid(7688a6868ca66c841a52aa088d9d0d0d) Importer(815301076,1909f56bfc062723c751e8b465ee728b)  -> (artifact id: '5dbacc0849d59cd7f8bf8d42606c2d6f') in 0.006367 seconds
  Import took 0.013474 seconds .

========================================================================
Received Import Request.
  Time since last request: 9.017898 seconds.
  path: Assets/Animations/Miner
  artifactKey: Guid(ea264bf988f6c4f40b291b8137f29b81) Importer(815301076,1909f56bfc062723c751e8b465ee728b)
Start importing Assets/Animations/Miner using Guid(ea264bf988f6c4f40b291b8137f29b81) Importer(815301076,1909f56bfc062723c751e8b465ee728b)  -> (artifact id: '9a036deb0709a6ed3f18c73e8a77c9da') in 0.001427 seconds
  Import took 0.008729 seconds .

========================================================================
Received Import Request.
  Time since last request: 9.733875 seconds.
  path: Assets/Animations/Stoneworker
  artifactKey: Guid(3dcd16c315261fe47b7bec724a0b7b55) Importer(815301076,1909f56bfc062723c751e8b465ee728b)
Start importing Assets/Animations/Stoneworker using Guid(3dcd16c315261fe47b7bec724a0b7b55) Importer(815301076,1909f56bfc062723c751e8b465ee728b)  -> (artifact id: '560170ad38a4519f97ca1f54545b5043') in 0.001726 seconds
  Import took 0.008536 seconds .

========================================================================
Received Import Request.
  Time since last request: 149.736835 seconds.
  path: Assets/Asset Packs/Fonts
  artifactKey: Guid(80de503bb4b94444b847e94eacf6a96d) Importer(815301076,1909f56bfc062723c751e8b465ee728b)
Start importing Assets/Asset Packs/Fonts using Guid(80de503bb4b94444b847e94eacf6a96d) Importer(815301076,1909f56bfc062723c751e8b465ee728b)  -> (artifact id: '8f3657d759d82572ea419ee8b6b8fddb') in 0.001896 seconds
  Import took 0.009084 seconds .

========================================================================
Received Import Request.
  Time since last request: 0.063298 seconds.
  path: Assets/Asset Packs/Fonts/KGSorryNotSorryChub SDF.asset
  artifactKey: Guid(36672172f8e7b5945827f04f3c03351f) Importer(815301076,1909f56bfc062723c751e8b465ee728b)
Start importing Assets/Asset Packs/Fonts/KGSorryNotSorryChub SDF.asset using Guid(36672172f8e7b5945827f04f3c03351f) Importer(815301076,1909f56bfc062723c751e8b465ee728b)  -> (artifact id: '8fad1db335431ebcadfb99209a37aa0c') in 0.185781 seconds
  Import took 0.190322 seconds .

========================================================================
Received Import Request.
  Time since last request: 24.617474 seconds.
  path: Assets/UI
  artifactKey: Guid(74b3082ed0917704783ca18da086aef5) Importer(815301076,1909f56bfc062723c751e8b465ee728b)
Start importing Assets/UI using Guid(74b3082ed0917704783ca18da086aef5) Importer(815301076,1909f56bfc062723c751e8b465ee728b)  -> (artifact id: 'a82e480e859bf16733b504031b85cbbe') in 0.001254 seconds
  Import took 0.008016 seconds .

========================================================================
Received Import Request.
  Time since last request: 9.463515 seconds.
  path: Assets/UI/Start Button.prefab
  artifactKey: Guid(1cc38dd9d5555a94cafd9ba9d69fcd27) Importer(815301076,1909f56bfc062723c751e8b465ee728b)
Start importing Assets/UI/Start Button.prefab using Guid(1cc38dd9d5555a94cafd9ba9d69fcd27) Importer(815301076,1909f56bfc062723c751e8b465ee728b)  -> (artifact id: '69c5d838c3252879b2746516598686b5') in 0.023606 seconds
  Import took 0.030787 seconds .

========================================================================
Received Import Request.
  Time since last request: 4.231117 seconds.
  path: Assets/UI/Miner Button.prefab
  artifactKey: Guid(b802e9d215c49b849bae6ded367b32ca) Importer(815301076,1909f56bfc062723c751e8b465ee728b)
Start importing Assets/UI/Miner Button.prefab using Guid(b802e9d215c49b849bae6ded367b32ca) Importer(815301076,1909f56bfc062723c751e8b465ee728b)  -> (artifact id: '3838bf8cf20e30e906bd6c591ba9e829') in 0.019278 seconds
  Import took 0.024026 seconds .

========================================================================
Received Import Request.
  Time since last request: 9.520855 seconds.
  path: Assets/UI/Stoneworker Button.prefab
  artifactKey: Guid(a3c68e6d3a3cfaa4195e57fbfe03dead) Importer(815301076,1909f56bfc062723c751e8b465ee728b)
Start importing Assets/UI/Stoneworker Button.prefab using Guid(a3c68e6d3a3cfaa4195e57fbfe03dead) Importer(815301076,1909f56bfc062723c751e8b465ee728b)  -> (artifact id: 'b790bdb0a36e580043f79d7cecf8df3c') in 0.010594 seconds
  Import took 0.015041 seconds .

========================================================================
Received Import Request.
  Time since last request: 1.119218 seconds.
  path: Assets/UI/Strength Button.prefab
  artifactKey: Guid(818d81ed2b6ca074881b50379e5fa6f9) Importer(815301076,1909f56bfc062723c751e8b465ee728b)
Start importing Assets/UI/Strength Button.prefab using Guid(818d81ed2b6ca074881b50379e5fa6f9) Importer(815301076,1909f56bfc062723c751e8b465ee728b)  -> (artifact id: '1e91160fd82b167a8d084da2851b6c75') in 0.012189 seconds
  Import took 0.019231 seconds .

========================================================================
Received Import Request.
  Time since last request: 1.381109 seconds.
  path: Assets/UI/Superworker Button.prefab
  artifactKey: Guid(ed0e5b7f6be0fbf40b012fa048206384) Importer(815301076,1909f56bfc062723c751e8b465ee728b)
Start importing Assets/UI/Superworker Button.prefab using Guid(ed0e5b7f6be0fbf40b012fa048206384) Importer(815301076,1909f56bfc062723c751e8b465ee728b)  -> (artifact id: '70423312e1dfc9b060bfbe40afabd8c8') in 0.010433 seconds
  Import took 0.018176 seconds .

========================================================================
Received Import Request.
  Time since last request: 19.742736 seconds.
  path: Assets/UI/Next Level Button.prefab
  artifactKey: Guid(4dc39160564b1be46be445f0bc3221c7) Importer(815301076,1909f56bfc062723c751e8b465ee728b)
Start importing Assets/UI/Next Level Button.prefab using Guid(4dc39160564b1be46be445f0bc3221c7) Importer(815301076,1909f56bfc062723c751e8b465ee728b)  -> (artifact id: 'c9855f26eda7b4d801d453c187f4276a') in 0.004983 seconds
  Import took 0.012437 seconds .

========================================================================
Received Import Request.
  Time since last request: 0.002517 seconds.
  path: Assets/UI/Next Level Button.prefab
  artifactKey: Guid(4dc39160564b1be46be445f0bc3221c7) Importer(815301076,1909f56bfc062723c751e8b465ee728b)
Start importing Assets/UI/Next Level Button.prefab using Guid(4dc39160564b1be46be445f0bc3221c7) Importer(815301076,1909f56bfc062723c751e8b465ee728b)  -> (artifact id: 'c9855f26eda7b4d801d453c187f4276a') in 0.002678 seconds
  Import took 0.006440 seconds .

========================================================================
Received Import Request.
  Time since last request: 7.613235 seconds.
  path: Assets/UI/+2 Image.prefab
  artifactKey: Guid(c512cb9f9f0d1354d8d3385e97baf803) Importer(815301076,1909f56bfc062723c751e8b465ee728b)
Start importing Assets/UI/+2 Image.prefab using Guid(c512cb9f9f0d1354d8d3385e97baf803) Importer(815301076,1909f56bfc062723c751e8b465ee728b)  -> (artifact id: '839a4eba0756f6d0a2fbc709c40ee526') in 0.014591 seconds
  Import took 0.021686 seconds .

